2015-10-15 10:11:44,453 p=10889 u=Administrator |   
2015-10-15 10:11:44,453 p=10889 u=Administrator |  /usr/bin/ansible-playbook ./playbooks/gui.yml
2015-10-15 10:11:44,453 p=10889 u=Administrator |   
2015-10-15 10:11:44,709 p=10889 u=Administrator |  PLAY [workstation] ************************************************************ 
2015-10-15 10:11:44,710 p=10889 u=Administrator |  GATHERING FACTS *************************************************************** 
2015-10-15 10:11:44,852 p=10889 u=Administrator |  fatal: [template-pc.dl.local] => SSH Error: ssh: connect to host 192.168.0.230 port 22: Connection refused
    while connecting to 192.168.0.230:22
It is sometimes useful to re-run the command using -vvvv, which prints SSH debug output to help diagnose the issue.
2015-10-15 10:11:47,858 p=10889 u=Administrator |  fatal: [root-console-1.dl.local] => SSH Error: ssh: connect to host 192.168.0.248 port 22: No route to host
    while connecting to 192.168.0.248:22
It is sometimes useful to re-run the command using -vvvv, which prints SSH debug output to help diagnose the issue.
2015-10-15 10:11:47,868 p=10889 u=Administrator |  TASK: [gui | X Windows install] *********************************************** 
2015-10-15 10:11:47,874 p=10889 u=Administrator |  FATAL: no hosts matched or all hosts have already failed -- aborting

2015-10-15 10:11:47,875 p=10889 u=Administrator |  PLAY RECAP ******************************************************************** 
2015-10-15 10:11:47,875 p=10889 u=Administrator |             to retry, use: --limit @/root/gui.retry

2015-10-15 10:11:47,875 p=10889 u=Administrator |  root-console-1.dl.local    : ok=0    changed=0    unreachable=1    failed=0   
2015-10-15 10:11:47,875 p=10889 u=Administrator |  template-pc.dl.local       : ok=0    changed=0    unreachable=1    failed=0   
2015-10-15 11:11:37,319 p=12715 u=Administrator |   
2015-10-15 11:11:37,319 p=12715 u=Administrator |  /usr/bin/ansible-playbook ./playbooks/common.yml
2015-10-15 11:11:37,319 p=12715 u=Administrator |   
2015-10-15 11:11:37,380 p=12715 u=Administrator |  PLAY [all] ******************************************************************** 
2015-10-15 11:11:37,380 p=12715 u=Administrator |  GATHERING FACTS *************************************************************** 
2015-10-15 11:11:39,349 p=12715 u=Administrator |  ok: [template-pc.dl.local]
2015-10-15 11:11:40,446 p=12715 u=Administrator |  fatal: [db-node-1.dl.local] => SSH Error: ssh: connect to host 192.168.0.250 port 22: No route to host
    while connecting to 192.168.0.250:22
It is sometimes useful to re-run the command using -vvvv, which prints SSH debug output to help diagnose the issue.
2015-10-15 11:11:40,450 p=12715 u=Administrator |  fatal: [root-console-1.dl.local] => SSH Error: ssh: connect to host 192.168.0.248 port 22: No route to host
    while connecting to 192.168.0.248:22
It is sometimes useful to re-run the command using -vvvv, which prints SSH debug output to help diagnose the issue.
2015-10-15 11:11:40,458 p=12715 u=Administrator |  fatal: [zabbix-node-1.dl.local] => SSH Error: ssh: connect to host 192.168.0.251 port 22: No route to host
    while connecting to 192.168.0.251:22
It is sometimes useful to re-run the command using -vvvv, which prints SSH debug output to help diagnose the issue.
2015-10-15 11:11:40,469 p=12715 u=Administrator |  TASK: [common | Hostname change] ********************************************** 
2015-10-15 11:11:41,038 p=12715 u=Administrator |  changed: [template-pc.dl.local]
2015-10-15 11:11:41,038 p=12715 u=Administrator |  TASK: [common | EPEL repository add] ****************************************** 
2015-10-15 11:12:20,820 p=12715 u=Administrator |  changed: [template-pc.dl.local]
2015-10-15 11:12:20,820 p=12715 u=Administrator |  TASK: [common | Adobe repository add] ***************************************** 
2015-10-15 11:12:22,917 p=12715 u=Administrator |  changed: [template-pc.dl.local]
2015-10-15 11:12:22,917 p=12715 u=Administrator |  TASK: [common | Zabbix repository add] **************************************** 
2015-10-15 11:12:25,278 p=12715 u=Administrator |  changed: [template-pc.dl.local]
2015-10-15 11:12:25,279 p=12715 u=Administrator |  TASK: [common | Nginx repository add] ***************************************** 
2015-10-15 11:12:27,519 p=12715 u=Administrator |  changed: [template-pc.dl.local]
2015-10-15 11:12:27,520 p=12715 u=Administrator |  TASK: [common | Software install] ********************************************* 
2015-10-15 11:13:49,201 p=12715 u=Administrator |  changed: [template-pc.dl.local] => (item=wget,git,mc)
2015-10-15 11:13:49,201 p=12715 u=Administrator |  NOTIFIED: [common | epel_repo_disable] **************************************** 
2015-10-15 11:13:49,733 p=12715 u=Administrator |  changed: [template-pc.dl.local]
2015-10-15 11:13:49,733 p=12715 u=Administrator |  NOTIFIED: [common | adobe_repo_disable] *************************************** 
2015-10-15 11:13:50,195 p=12715 u=Administrator |  changed: [template-pc.dl.local]
2015-10-15 11:13:50,195 p=12715 u=Administrator |  NOTIFIED: [common | zabbix_repo_disable] ************************************** 
2015-10-15 11:13:50,652 p=12715 u=Administrator |  changed: [template-pc.dl.local]
2015-10-15 11:13:50,653 p=12715 u=Administrator |  NOTIFIED: [common | nginx_repo_disable] *************************************** 
2015-10-15 11:13:51,110 p=12715 u=Administrator |  changed: [template-pc.dl.local]
2015-10-15 11:13:51,111 p=12715 u=Administrator |  PLAY RECAP ******************************************************************** 
2015-10-15 11:13:51,111 p=12715 u=Administrator |             to retry, use: --limit @/root/common.retry

2015-10-15 11:13:51,111 p=12715 u=Administrator |  db-node-1.dl.local         : ok=0    changed=0    unreachable=1    failed=0   
2015-10-15 11:13:51,111 p=12715 u=Administrator |  root-console-1.dl.local    : ok=0    changed=0    unreachable=1    failed=0   
2015-10-15 11:13:51,112 p=12715 u=Administrator |  template-pc.dl.local       : ok=11   changed=10   unreachable=0    failed=0   
2015-10-15 11:13:51,112 p=12715 u=Administrator |  zabbix-node-1.dl.local     : ok=0    changed=0    unreachable=1    failed=0   
2015-10-15 11:17:57,668 p=12904 u=Administrator |   
2015-10-15 11:17:57,668 p=12904 u=Administrator |  /usr/bin/ansible-playbook ./playbooks/gui.yml
2015-10-15 11:17:57,668 p=12904 u=Administrator |   
2015-10-15 11:17:57,703 p=12904 u=Administrator |  PLAY [workstation] ************************************************************ 
2015-10-15 11:17:57,703 p=12904 u=Administrator |  GATHERING FACTS *************************************************************** 
2015-10-15 11:18:00,188 p=12904 u=Administrator |  ok: [template-pc.dl.local]
2015-10-15 11:18:00,758 p=12904 u=Administrator |  fatal: [root-console-1.dl.local] => SSH Error: ssh: connect to host 192.168.0.248 port 22: No route to host
    while connecting to 192.168.0.248:22
It is sometimes useful to re-run the command using -vvvv, which prints SSH debug output to help diagnose the issue.
2015-10-15 11:18:00,769 p=12904 u=Administrator |  TASK: [gui | X Windows install] *********************************************** 
2015-10-15 11:18:39,372 p=12904 u=Administrator |  changed: [template-pc.dl.local]
2015-10-15 11:18:39,373 p=12904 u=Administrator |  TASK: [gui | Fonts install] *************************************************** 
2015-10-15 11:20:12,331 p=12904 u=Administrator |  changed: [template-pc.dl.local]
2015-10-15 11:20:12,331 p=12904 u=Administrator |  TASK: [gui | Xfce install] **************************************************** 
2015-10-15 11:23:09,407 p=12904 u=Administrator |  changed: [template-pc.dl.local]
2015-10-15 11:23:09,407 p=12904 u=Administrator |  TASK: [gui | gdm install] ***************************************************** 
2015-10-15 11:23:10,437 p=12904 u=Administrator |  ok: [template-pc.dl.local]
2015-10-15 11:23:10,437 p=12904 u=Administrator |  TASK: [gui | start in runlevel 5] ********************************************* 
2015-10-15 11:23:11,002 p=12904 u=Administrator |  changed: [template-pc.dl.local]
2015-10-15 11:23:11,003 p=12904 u=Administrator |  TASK: [gui | Xterm install] *************************************************** 
2015-10-15 11:23:11,912 p=12904 u=Administrator |  ok: [template-pc.dl.local]
2015-10-15 11:23:11,913 p=12904 u=Administrator |  TASK: [gui | Adobe Flash install] ********************************************* 
2015-10-15 11:24:02,871 p=12904 u=Administrator |  changed: [template-pc.dl.local]
2015-10-15 11:24:02,871 p=12904 u=Administrator |  NOTIFIED: [gui | xfce_startup] ************************************************ 
2015-10-15 11:24:04,289 p=12904 u=Administrator |  changed: [template-pc.dl.local]
2015-10-15 11:24:04,290 p=12904 u=Administrator |  PLAY RECAP ******************************************************************** 
2015-10-15 11:24:04,290 p=12904 u=Administrator |             to retry, use: --limit @/root/gui.retry

2015-10-15 11:24:04,290 p=12904 u=Administrator |  root-console-1.dl.local    : ok=0    changed=0    unreachable=1    failed=0   
2015-10-15 11:24:04,291 p=12904 u=Administrator |  template-pc.dl.local       : ok=9    changed=6    unreachable=0    failed=0   
2015-10-15 11:25:09,624 p=13186 u=Administrator |   
2015-10-15 11:25:09,624 p=13186 u=Administrator |  /usr/bin/ansible-playbook ./playbooks/gui.yml
2015-10-15 11:25:09,625 p=13186 u=Administrator |   
2015-10-15 11:25:09,659 p=13186 u=Administrator |  PLAY [workstation] ************************************************************ 
2015-10-15 11:25:09,660 p=13186 u=Administrator |  GATHERING FACTS *************************************************************** 
2015-10-15 11:25:11,732 p=13186 u=Administrator |  ok: [template-pc.dl.local]
2015-10-15 11:25:12,714 p=13186 u=Administrator |  fatal: [root-console-1.dl.local] => SSH Error: ssh: connect to host 192.168.0.248 port 22: No route to host
    while connecting to 192.168.0.248:22
It is sometimes useful to re-run the command using -vvvv, which prints SSH debug output to help diagnose the issue.
2015-10-15 11:25:12,725 p=13186 u=Administrator |  TASK: [gui | X Windows install] *********************************************** 
2015-10-15 11:25:14,753 p=13186 u=Administrator |  ok: [template-pc.dl.local]
2015-10-15 11:25:14,754 p=13186 u=Administrator |  TASK: [gui | Fonts install] *************************************************** 
2015-10-15 11:25:16,795 p=13186 u=Administrator |  ok: [template-pc.dl.local]
2015-10-15 11:25:16,795 p=13186 u=Administrator |  TASK: [gui | Xfce install] **************************************************** 
2015-10-15 11:25:18,820 p=13186 u=Administrator |  ok: [template-pc.dl.local]
2015-10-15 11:25:18,821 p=13186 u=Administrator |  TASK: [gui | gdm install] ***************************************************** 
2015-10-15 11:25:19,451 p=13186 u=Administrator |  ok: [template-pc.dl.local]
2015-10-15 11:25:19,451 p=13186 u=Administrator |  TASK: [gui | start in runlevel 5] ********************************************* 
2015-10-15 11:25:19,729 p=13186 u=Administrator |  changed: [template-pc.dl.local]
2015-10-15 11:25:19,729 p=13186 u=Administrator |  TASK: [gui | Xterm install] *************************************************** 
2015-10-15 11:25:20,363 p=13186 u=Administrator |  ok: [template-pc.dl.local]
2015-10-15 11:25:20,364 p=13186 u=Administrator |  TASK: [gui | Adobe Flash install] ********************************************* 
2015-10-15 11:25:20,994 p=13186 u=Administrator |  ok: [template-pc.dl.local]
2015-10-15 11:25:20,994 p=13186 u=Administrator |  PLAY RECAP ******************************************************************** 
2015-10-15 11:25:20,994 p=13186 u=Administrator |             to retry, use: --limit @/root/gui.retry

2015-10-15 11:25:20,995 p=13186 u=Administrator |  root-console-1.dl.local    : ok=0    changed=0    unreachable=1    failed=0   
2015-10-15 11:25:20,995 p=13186 u=Administrator |  template-pc.dl.local       : ok=8    changed=1    unreachable=0    failed=0   
2015-10-16 11:00:11,556 p=13883 u=Administrator |   
2015-10-16 11:00:11,556 p=13883 u=Administrator |  /usr/bin/ansible-playbook ./playbooks/gui.yml
2015-10-16 11:00:11,556 p=13883 u=Administrator |   
2015-10-16 11:00:11,595 p=13883 u=Administrator |  ERROR: There was an error while parsing the task 'lineinfile dest=/etc/service line="vncserver 5900/tcp'.
Make sure quotes are matched or escaped properly
2015-10-16 11:03:00,791 p=14021 u=Administrator |   
2015-10-16 11:03:00,792 p=14021 u=Administrator |  /usr/bin/ansible-playbook ./playbooks/gui.yml
2015-10-16 11:03:00,792 p=14021 u=Administrator |   
2015-10-16 11:03:00,827 p=14021 u=Administrator |  ERROR: There was an error while parsing the task "lineinfile dest=/etc/service line='vncserver 5900/tcp".
Make sure quotes are matched or escaped properly
2015-10-16 11:04:00,086 p=14047 u=Administrator |   
2015-10-16 11:04:00,086 p=14047 u=Administrator |  /usr/bin/ansible-playbook ./playbooks/gui.yml
2015-10-16 11:04:00,086 p=14047 u=Administrator |   
2015-10-16 11:04:00,124 p=14047 u=Administrator |  PLAY [workstation] ************************************************************ 
2015-10-16 11:04:00,124 p=14047 u=Administrator |  GATHERING FACTS *************************************************************** 
2015-10-16 11:04:03,178 p=14047 u=Administrator |  fatal: [root-console-1.dl.local] => SSH Error: ssh: connect to host 192.168.0.248 port 22: No route to host
    while connecting to 192.168.0.248:22
It is sometimes useful to re-run the command using -vvvv, which prints SSH debug output to help diagnose the issue.
2015-10-16 11:04:03,252 p=14047 u=Administrator |  ok: [template-pc.dl.local]
2015-10-16 11:04:03,262 p=14047 u=Administrator |  TASK: [gui | X Windows install] *********************************************** 
2015-10-16 11:04:08,890 p=14047 u=Administrator |  ok: [template-pc.dl.local]
2015-10-16 11:04:08,890 p=14047 u=Administrator |  TASK: [gui | Fonts install] *************************************************** 
2015-10-16 11:04:11,065 p=14047 u=Administrator |  ok: [template-pc.dl.local]
2015-10-16 11:04:11,066 p=14047 u=Administrator |  TASK: [gui | Xfce install] **************************************************** 
2015-10-16 11:04:13,148 p=14047 u=Administrator |  ok: [template-pc.dl.local]
2015-10-16 11:04:13,148 p=14047 u=Administrator |  TASK: [gui | gdm install] ***************************************************** 
2015-10-16 11:04:13,774 p=14047 u=Administrator |  ok: [template-pc.dl.local]
2015-10-16 11:04:13,775 p=14047 u=Administrator |  TASK: [gui | start in runlevel 5] ********************************************* 
2015-10-16 11:04:14,046 p=14047 u=Administrator |  changed: [template-pc.dl.local]
2015-10-16 11:04:14,046 p=14047 u=Administrator |  TASK: [gui | Xterm install] *************************************************** 
2015-10-16 11:04:14,678 p=14047 u=Administrator |  ok: [template-pc.dl.local]
2015-10-16 11:04:14,678 p=14047 u=Administrator |  TASK: [gui | Adobe Flash install] ********************************************* 
2015-10-16 11:04:15,318 p=14047 u=Administrator |  ok: [template-pc.dl.local]
2015-10-16 11:04:15,319 p=14047 u=Administrator |  TASK: [gui | VNC packages install] ******************************************** 
2015-10-16 11:04:26,784 p=14047 u=Administrator |  changed: [template-pc.dl.local] => (item=tigervnc-server,xorg-x11-fonts-Type1,xinetd)
2015-10-16 11:04:26,784 p=14047 u=Administrator |  TASK: [gui | remove old custom.conf] ****************************************** 
2015-10-16 11:04:27,017 p=14047 u=Administrator |  changed: [template-pc.dl.local]
2015-10-16 11:04:27,018 p=14047 u=Administrator |  TASK: [gui | copy new custom.conf] ******************************************** 
2015-10-16 11:04:27,260 p=14047 u=Administrator |  changed: [template-pc.dl.local]
2015-10-16 11:04:27,261 p=14047 u=Administrator |  TASK: [gui | copy vncserver] ************************************************** 
2015-10-16 11:04:27,499 p=14047 u=Administrator |  changed: [template-pc.dl.local]
2015-10-16 11:04:27,499 p=14047 u=Administrator |  TASK: [gui | set param in service] ******************************************** 
2015-10-16 11:04:27,669 p=14047 u=Administrator |  failed: [template-pc.dl.local] => {"failed": true, "rc": 257}
2015-10-16 11:04:27,670 p=14047 u=Administrator |  msg: Destination /etc/service does not exist !
2015-10-16 11:04:27,670 p=14047 u=Administrator |  FATAL: all hosts have already failed -- aborting
2015-10-16 11:04:27,670 p=14047 u=Administrator |  PLAY RECAP ******************************************************************** 
2015-10-16 11:04:27,670 p=14047 u=Administrator |             to retry, use: --limit @/root/gui.retry

2015-10-16 11:04:27,671 p=14047 u=Administrator |  root-console-1.dl.local    : ok=0    changed=0    unreachable=1    failed=0   
2015-10-16 11:04:27,671 p=14047 u=Administrator |  template-pc.dl.local       : ok=12   changed=5    unreachable=0    failed=1   
2015-10-16 11:06:05,490 p=14194 u=Administrator |   
2015-10-16 11:06:05,490 p=14194 u=Administrator |  /usr/bin/ansible-playbook ./playbooks/gui.yml
2015-10-16 11:06:05,490 p=14194 u=Administrator |   
2015-10-16 11:06:05,529 p=14194 u=Administrator |  PLAY [workstation] ************************************************************ 
2015-10-16 11:06:05,529 p=14194 u=Administrator |  GATHERING FACTS *************************************************************** 
2015-10-16 11:06:07,669 p=14194 u=Administrator |  ok: [template-pc.dl.local]
2015-10-16 11:06:08,582 p=14194 u=Administrator |  fatal: [root-console-1.dl.local] => SSH Error: ssh: connect to host 192.168.0.248 port 22: No route to host
    while connecting to 192.168.0.248:22
It is sometimes useful to re-run the command using -vvvv, which prints SSH debug output to help diagnose the issue.
2015-10-16 11:06:08,592 p=14194 u=Administrator |  TASK: [gui | X Windows install] *********************************************** 
2015-10-16 11:06:11,599 p=14194 u=Administrator |  ok: [template-pc.dl.local]
2015-10-16 11:06:11,599 p=14194 u=Administrator |  TASK: [gui | Fonts install] *************************************************** 
2015-10-16 11:06:16,458 p=14194 u=Administrator |  ok: [template-pc.dl.local]
2015-10-16 11:06:16,459 p=14194 u=Administrator |  TASK: [gui | Xfce install] **************************************************** 
2015-10-16 11:06:21,310 p=14194 u=Administrator |  ok: [template-pc.dl.local]
2015-10-16 11:06:21,310 p=14194 u=Administrator |  TASK: [gui | gdm install] ***************************************************** 
2015-10-16 11:06:21,938 p=14194 u=Administrator |  ok: [template-pc.dl.local]
2015-10-16 11:06:21,938 p=14194 u=Administrator |  TASK: [gui | start in runlevel 5] ********************************************* 
2015-10-16 11:06:22,215 p=14194 u=Administrator |  changed: [template-pc.dl.local]
2015-10-16 11:06:22,215 p=14194 u=Administrator |  TASK: [gui | Xterm install] *************************************************** 
2015-10-16 11:06:22,846 p=14194 u=Administrator |  ok: [template-pc.dl.local]
2015-10-16 11:06:22,847 p=14194 u=Administrator |  TASK: [gui | Adobe Flash install] ********************************************* 
2015-10-16 11:06:23,471 p=14194 u=Administrator |  ok: [template-pc.dl.local]
2015-10-16 11:06:23,471 p=14194 u=Administrator |  TASK: [gui | VNC packages install] ******************************************** 
2015-10-16 11:06:24,603 p=14194 u=Administrator |  ok: [template-pc.dl.local] => (item=tigervnc-server,xorg-x11-fonts-Type1,xinetd)
2015-10-16 11:06:24,604 p=14194 u=Administrator |  TASK: [gui | remove old custom.conf] ****************************************** 
2015-10-16 11:06:24,786 p=14194 u=Administrator |  changed: [template-pc.dl.local]
2015-10-16 11:06:24,786 p=14194 u=Administrator |  TASK: [gui | copy new custom.conf] ******************************************** 
2015-10-16 11:06:25,021 p=14194 u=Administrator |  changed: [template-pc.dl.local]
2015-10-16 11:06:25,022 p=14194 u=Administrator |  TASK: [gui | copy vncserver] ************************************************** 
2015-10-16 11:06:25,248 p=14194 u=Administrator |  ok: [template-pc.dl.local]
2015-10-16 11:06:25,249 p=14194 u=Administrator |  TASK: [gui | set param in service] ******************************************** 
2015-10-16 11:06:25,441 p=14194 u=Administrator |  changed: [template-pc.dl.local]
2015-10-16 11:06:25,441 p=14194 u=Administrator |  TASK: [gui | restart xinetd service] ****************************************** 
2015-10-16 11:06:25,728 p=14194 u=Administrator |  changed: [template-pc.dl.local]
2015-10-16 11:06:25,729 p=14194 u=Administrator |  TASK: [gui | Firewall configure | vnc port open] ****************************** 
2015-10-16 11:06:26,148 p=14194 u=Administrator |  changed: [template-pc.dl.local]
2015-10-16 11:06:26,149 p=14194 u=Administrator |  NOTIFIED: [gui | firewall_reload] ********************************************* 
2015-10-16 11:06:27,556 p=14194 u=Administrator |  changed: [template-pc.dl.local]
2015-10-16 11:06:27,556 p=14194 u=Administrator |  PLAY RECAP ******************************************************************** 
2015-10-16 11:06:27,556 p=14194 u=Administrator |             to retry, use: --limit @/root/gui.retry

2015-10-16 11:06:27,557 p=14194 u=Administrator |  root-console-1.dl.local    : ok=0    changed=0    unreachable=1    failed=0   
2015-10-16 11:06:27,557 p=14194 u=Administrator |  template-pc.dl.local       : ok=16   changed=7    unreachable=0    failed=0   
2015-10-16 11:07:25,440 p=14331 u=Administrator |   
2015-10-16 11:07:25,441 p=14331 u=Administrator |  /usr/bin/ansible-playbook ./playbooks/gui.yml
2015-10-16 11:07:25,441 p=14331 u=Administrator |   
2015-10-16 11:07:25,442 p=14331 u=Administrator |  ERROR: /root/ansible-current/hosts:12: child group is not defined: (root-console)
2015-10-16 11:07:51,768 p=14357 u=Administrator |   
2015-10-16 11:07:51,768 p=14357 u=Administrator |  /usr/bin/ansible-playbook ./playbooks/gui.yml
2015-10-16 11:07:51,768 p=14357 u=Administrator |   
2015-10-16 11:07:51,806 p=14357 u=Administrator |  PLAY [workstation] ************************************************************ 
2015-10-16 11:07:51,807 p=14357 u=Administrator |  GATHERING FACTS *************************************************************** 
2015-10-16 11:07:54,056 p=14357 u=Administrator |  ok: [template-pc.dl.local]
2015-10-16 11:07:54,057 p=14357 u=Administrator |  TASK: [gui | X Windows install] *********************************************** 
2015-10-16 11:07:58,940 p=14357 u=Administrator |  ok: [template-pc.dl.local]
2015-10-16 11:07:58,941 p=14357 u=Administrator |  TASK: [gui | Fonts install] *************************************************** 
2015-10-16 11:08:03,833 p=14357 u=Administrator |  ok: [template-pc.dl.local]
2015-10-16 11:08:03,833 p=14357 u=Administrator |  TASK: [gui | Xfce install] **************************************************** 
2015-10-16 11:08:05,900 p=14357 u=Administrator |  ok: [template-pc.dl.local]
2015-10-16 11:08:05,900 p=14357 u=Administrator |  TASK: [gui | gdm install] ***************************************************** 
2015-10-16 11:08:06,525 p=14357 u=Administrator |  ok: [template-pc.dl.local]
2015-10-16 11:08:06,525 p=14357 u=Administrator |  TASK: [gui | start in runlevel 5] ********************************************* 
2015-10-16 11:08:06,804 p=14357 u=Administrator |  changed: [template-pc.dl.local]
2015-10-16 11:08:06,804 p=14357 u=Administrator |  TASK: [gui | Xterm install] *************************************************** 
2015-10-16 11:08:07,442 p=14357 u=Administrator |  ok: [template-pc.dl.local]
2015-10-16 11:08:07,443 p=14357 u=Administrator |  TASK: [gui | Adobe Flash install] ********************************************* 
2015-10-16 11:08:08,071 p=14357 u=Administrator |  ok: [template-pc.dl.local]
2015-10-16 11:08:08,071 p=14357 u=Administrator |  TASK: [gui | VNC packages install] ******************************************** 
2015-10-16 11:08:09,192 p=14357 u=Administrator |  ok: [template-pc.dl.local] => (item=tigervnc-server,xorg-x11-fonts-Type1,xinetd)
2015-10-16 11:08:09,193 p=14357 u=Administrator |  TASK: [gui | remove old custom.conf] ****************************************** 
2015-10-16 11:08:09,371 p=14357 u=Administrator |  changed: [template-pc.dl.local]
2015-10-16 11:08:09,371 p=14357 u=Administrator |  TASK: [gui | copy new custom.conf] ******************************************** 
2015-10-16 11:08:09,610 p=14357 u=Administrator |  changed: [template-pc.dl.local]
2015-10-16 11:08:09,611 p=14357 u=Administrator |  TASK: [gui | copy vncserver] ************************************************** 
2015-10-16 11:08:09,839 p=14357 u=Administrator |  ok: [template-pc.dl.local]
2015-10-16 11:08:09,840 p=14357 u=Administrator |  TASK: [gui | set param in service] ******************************************** 
2015-10-16 11:08:10,031 p=14357 u=Administrator |  ok: [template-pc.dl.local]
2015-10-16 11:08:10,032 p=14357 u=Administrator |  TASK: [gui | restart xinetd service] ****************************************** 
2015-10-16 11:08:10,287 p=14357 u=Administrator |  changed: [template-pc.dl.local]
2015-10-16 11:08:10,288 p=14357 u=Administrator |  TASK: [gui | Firewall configure | vnc port open] ****************************** 
2015-10-16 11:08:10,662 p=14357 u=Administrator |  ok: [template-pc.dl.local]
2015-10-16 11:08:10,663 p=14357 u=Administrator |  PLAY RECAP ******************************************************************** 
2015-10-16 11:08:10,663 p=14357 u=Administrator |  template-pc.dl.local       : ok=15   changed=4    unreachable=0    failed=0   
